Removed Pin From Net: NetName=BEMF_A Pin=C17-1
Removed Pin From Net: NetName=GND Pin=C17-2
Removed Pin From Net: NetName=BEMF_B Pin=C18-1
Removed Pin From Net: NetName=GND Pin=C18-2
Removed Pin From Net: NetName=BEMF_C Pin=C19-1
Removed Pin From Net: NetName=GND Pin=C19-2
Removed Pin From Net: NetName=V_NEUT Pin=C25-1
Removed Pin From Net: NetName=GND Pin=C25-2
Removed Pin From Net: NetName=VBAT_ADC Pin=IC2-8
Removed Pin From Net: NetName=BEMF_A Pin=IC2-9
Removed Pin From Net: NetName=BEMF_B Pin=IC2-10
Removed Pin From Net: NetName=BEMF_C Pin=IC2-11
Removed Pin From Net: NetName=V_NEUT Pin=IC2-16
Change Component Footprint: Designator=R1 Old Footprint=RES_0603 New Footprint=RES_0402
Change Component Footprint: Designator=R2 Old Footprint=RES_0603 New Footprint=RES_0402
Change Component Footprint: Designator=R3 Old Footprint=RES_0603 New Footprint=RES_0402
Change Component Comment : Designator=R1 Old Comment=1M New Comment=10k
Change Component Comment : Designator=R2 Old Comment=1M New Comment=10k
Change Component Comment : Designator=R3 Old Comment=1M New Comment=10k
Change Component Comment : Designator=C25 Old Comment=1nF New Comment=100pF
Change Component Comment : Designator=IC2 Old Comment=STM32G474CBT6 New Comment=STM32G431CBT6
Change component parameters: Designator = "R1" ("R1"); Footprint = "RES_0603"; UniqueID = "\FFSNKUDI" ("\FFSNKUDI")
Change component parameters (AddParameter): Name = "Distributor Link"; Value = ""; VariantName = "[No Variations]"
Change component parameters (AddParameter): Name = "LCSC"; Value = "C2906861"; VariantName = "[No Variations]"
Change component parameters (AddParameter): Name = "Manufacturer"; Value = "FOJAN"; VariantName = "[No Variations]"
Change component parameters (AddParameter): Name = "Manufacturer Part Number"; Value = "FRC0402F1002TS"; VariantName = "[No Variations]"
Change component parameters: Designator = "R2" ("R2"); Footprint = "RES_0603"; UniqueID = "\WCDFYVDH" ("\WCDFYVDH")
Change component parameters (AddParameter): Name = "Distributor Link"; Value = ""; VariantName = "[No Variations]"
Change component parameters (AddParameter): Name = "LCSC"; Value = "C2906861"; VariantName = "[No Variations]"
Change component parameters (AddParameter): Name = "Manufacturer"; Value = "FOJAN"; VariantName = "[No Variations]"
Change component parameters (AddParameter): Name = "Manufacturer Part Number"; Value = "FRC0402F1002TS"; VariantName = "[No Variations]"
Change component parameters: Designator = "R3" ("R3"); Footprint = "RES_0603"; UniqueID = "\OHRYTBBD" ("\OHRYTBBD")
Change component parameters (AddParameter): Name = "Distributor Link"; Value = ""; VariantName = "[No Variations]"
Change component parameters (AddParameter): Name = "LCSC"; Value = "C2906861"; VariantName = "[No Variations]"
Change component parameters (AddParameter): Name = "Manufacturer"; Value = "FOJAN"; VariantName = "[No Variations]"
Change component parameters (AddParameter): Name = "Manufacturer Part Number"; Value = "FRC0402F1002TS"; VariantName = "[No Variations]"
Change component parameters: Designator = "C25" ("C25"); Footprint = "CAP_0402"; UniqueID = "\YLZLHVWT" ("\YLZLHVWT")
Change component parameters (AddParameter): Name = "Dielectric"; Value = ""; VariantName = "[No Variations]"
Change component parameters (AddParameter): Name = "Distributor Link"; Value = ""; VariantName = "[No Variations]"
Change component parameters (AddParameter): Name = "LCSC"; Value = "C26409"; VariantName = "[No Variations]"
Change component parameters (AddParameter): Name = "Manufacturer"; Value = "Samsung Electro-Mechanics"; VariantName = "[No Variations]"
Change component parameters (AddParameter): Name = "Manufacturer Part Number"; Value = "CL05C101JB5NNNC"; VariantName = "[No Variations]"
Change component parameters (AddParameter): Name = "Rating"; Value = "50V C0G"; VariantName = "[No Variations]"
Change component parameters: Designator = "IC2" ("IC2"); Footprint = "QFP50P900X900X160-48N"; UniqueID = "\OKVSCLSO" ("\OKVSCLSO")
Change component parameters (AddParameter): Name = "Arrow Part Number"; Value = "STM32G431CBT6TR"; VariantName = "[No Variations]"
Change component parameters (AddParameter): Name = "Arrow Price/Stock"; Value = "https://www.arrow.com/en/products/stm32g474cbt6tr/stmicroelectronics.html?utm_currency=USD&region=nac"; VariantName = "[No Variations]"
Change component parameters (AddParameter): Name = "Datasheet Link"; Value = "https://www.st.com/resource/en/datasheet/stm32g474cb.pdf"; VariantName = "[No Variations]"
Change component parameters (AddParameter): Name = "Height"; Value = "1.6mm"; VariantName = "[No Variations]"
Change component parameters (AddParameter): Name = "LCSC"; Value = "C529355"; VariantName = "[No Variations]"
Change component parameters (AddParameter): Name = "Manufacturer"; Value = "STMicroelectronics"; VariantName = "[No Variations]"
Change component parameters (AddParameter): Name = "Manufacturer Part Number"; Value = "STM32G431CBT6TR"; VariantName = "[No Variations]"
Change component parameters (AddParameter): Name = "Mouser Part Number"; Value = "511-STM32G431CBT6TR"; VariantName = "[No Variations]"
Change component parameters (AddParameter): Name = "Mouser Price/Stock"; Value = "https://www.mouser.co.uk/ProductDetail/STMicroelectronics/STM32G474CBT6TR?qs=sPbYRqrBIVmx65Oml6enIQ%3D%3D"; VariantName = "[No Variations]"
Added Component: Designator=C26(CAP_0402)
Add component (AddParameter): Name = "Dielectric"; Value = ""; VariantName = "[No Variations]"
Add component (AddParameter): Name = "Distributor Link"; Value = ""; VariantName = "[No Variations]"
Add component (AddParameter): Name = "LCSC"; Value = "C960916"; VariantName = "[No Variations]"
Add component (AddParameter): Name = "Manufacturer"; Value = "Samsung Electro-Mechanics"; VariantName = "[No Variations]"
Add component (AddParameter): Name = "Manufacturer Part Number"; Value = "CL05B104KB5NNNC"; VariantName = "[No Variations]"
Add component (AddParameter): Name = "Rating"; Value = "50V X7R"; VariantName = "[No Variations]"
Added Component: Designator=R19(RES_0402)
Add component (AddParameter): Name = "Distributor Link"; Value = ""; VariantName = "[No Variations]"
Add component (AddParameter): Name = "LCSC"; Value = "C2906861"; VariantName = "[No Variations]"
Add component (AddParameter): Name = "Manufacturer"; Value = "FOJAN"; VariantName = "[No Variations]"
Add component (AddParameter): Name = "Manufacturer Part Number"; Value = "FRC0402F1002TS"; VariantName = "[No Variations]"
Added Component: Designator=R20(RES_0402)
Add component (AddParameter): Name = "Distributor Link"; Value = ""; VariantName = "[No Variations]"
Add component (AddParameter): Name = "LCSC"; Value = "C2906861"; VariantName = "[No Variations]"
Add component (AddParameter): Name = "Manufacturer"; Value = "FOJAN"; VariantName = "[No Variations]"
Add component (AddParameter): Name = "Manufacturer Part Number"; Value = "FRC0402F1002TS"; VariantName = "[No Variations]"
Added Pin To Net: NetName=GND Pin=C17-1
Added Pin To Net: NetName=BEMF_A Pin=C17-2
Added Pin To Net: NetName=GND Pin=C18-1
Added Pin To Net: NetName=BEMF_B Pin=C18-2
Added Pin To Net: NetName=GND Pin=C19-1
Added Pin To Net: NetName=BEMF_C Pin=C19-2
Added Pin To Net: NetName=GND Pin=C25-1
Added Pin To Net: NetName=V_NEUT Pin=C25-2
Added Pin To Net: NetName=GND Pin=C26-1
Added Pin To Net: NetName=BEMF_C Pin=IC2-8
Added Pin To Net: NetName=V_NEUT Pin=IC2-9
Added Pin To Net: NetName=V_NEUT Pin=IC2-11
Added Pin To Net: NetName=BEMF_B Pin=IC2-12
Added Pin To Net: NetName=BEMF_A Pin=IC2-13
Added Pin To Net: NetName=VBAT_ADC Pin=IC2-14
Added Pin To Net: NetName=GND Pin=IC2-15
Added Pin To Net: NetName=3V3 Pin=R19-2
Added Pin To Net: NetName=GND Pin=R20-1
Added Pin To Net: NetName=NTC Pin=C26-2
Added Pin To Net: NetName=NTC Pin=IC2-17
Added Pin To Net: NetName=NTC Pin=R19-1
Added Pin To Net: NetName=NTC Pin=R20-2
Added Net: Name=NTC
Added Member To Class: ClassName=ESC_Main Member=Component C26 100nF
Added Member To Class: ClassName=ESC_Main Member=Component R19 10k
Added Member To Class: ClassName=ESC_Main Member=Component R20 10k
